{
  "RSpec": {
    "coverage": {
      "/Users/litowhite/turing/mod2/projects/monster_shop_final/spec/spec_helper.rb": [
        null,
        null,
        null,
        null,
        null,
        null,
        null,
        null,
        null,
        null,
        null,
        null,
        null,
        null,
        null,
        1,
        null,
        null,
        null,
        1,
        null,
        null,
        null,
        null,
        null,
        null,
        null,
        1,
        null,
        null,
        null,
        null,
        1,
        null,
        null,
        null,
        1,
        null,
        null,
        null,
        null,
        null,
        null,
        null,
        1,
        null,
        null,
        null,
        null,
        null,
        null,
        null,
        null,
        null,
        null,
        null,
        null,
        null,
        null,
        null,
        null,
        null,
        null,
        null,
        null,
        null,
        null,
        null,
        null,
        null,
        null,
        null,
        null,
        null,
        null,
        null,
        null,
        null,
        null,
        null,
        null,
        null,
        null,
        null,
        null,
        null,
        null,
        null,
        null,
        null,
        null,
        null,
        null,
        null,
        null,
        null
      ],
      "/Users/litowhite/turing/mod2/projects/monster_shop_final/config/environment.rb": [
        null,
        1,
        null,
        null,
        1
      ],
      "/Users/litowhite/turing/mod2/projects/monster_shop_final/config/application.rb": [
        1,
        null,
        1,
        null,
        1,
        1,
        1,
        1,
        1,
        1,
        1,
        1,
        null,
        null,
        null,
        null,
        1,
        null,
        1,
        1,
        null,
        1,
        null,
        null,
        null,
        null,
        null,
        null,
        1,
        null,
        null
      ],
      "/Users/litowhite/turing/mod2/projects/monster_shop_final/config/boot.rb": [
        1,
        null,
        1
      ],
      "/Users/litowhite/turing/mod2/projects/monster_shop_final/config/environments/test.rb": [
        1,
        null,
        null,
        null,
        null,
        null,
        null,
        1,
        null,
        null,
        null,
        null,
        1,
        null,
        null,
        1,
        1,
        null,
        null,
        null,
        null,
        1,
        1,
        null,
        null,
        1,
        null,
        null,
        1,
        1,
        null,
        null,
        null,
        null,
        1,
        null,
        null,
        1,
        null,
        null,
        null,
        null
      ],
      "/Users/litowhite/turing/mod2/projects/monster_shop_final/config/initializers/application_controller_renderer.rb": [
        null,
        null,
        null,
        null,
        null,
        null,
        null,
        null
      ],
      "/Users/litowhite/turing/mod2/projects/monster_shop_final/config/initializers/assets.rb": [
        null,
        null,
        null,
        1,
        null,
        null,
        null,
        null,
        1,
        null,
        null,
        null,
        null,
        null
      ],
      "/Users/litowhite/turing/mod2/projects/monster_shop_final/config/initializers/backtrace_silencers.rb": [
        null,
        null,
        null,
        null,
        null,
        null,
        null
      ],
      "/Users/litowhite/turing/mod2/projects/monster_shop_final/config/initializers/cookies_serializer.rb": [
        null,
        null,
        null,
        null,
        1
      ],
      "/Users/litowhite/turing/mod2/projects/monster_shop_final/config/initializers/filter_parameter_logging.rb": [
        null,
        null,
        null,
        1
      ],
      "/Users/litowhite/turing/mod2/projects/monster_shop_final/config/initializers/inflections.rb": [
        null,
        null,
        null,
        null,
        null,
        null,
        null,
        null,
        null,
        null,
        null,
        null,
        null,
        null,
        null,
        null
      ],
      "/Users/litowhite/turing/mod2/projects/monster_shop_final/config/initializers/mime_types.rb": [
        null,
        null,
        null,
        null
      ],
      "/Users/litowhite/turing/mod2/projects/monster_shop_final/config/initializers/wrap_parameters.rb": [
        null,
        null,
        null,
        null,
        null,
        null,
        1,
        2,
        null,
        null,
        null,
        null,
        null,
        null
      ],
      "/Users/litowhite/turing/mod2/projects/monster_shop_final/config/routes.rb": [
        1,
        null,
        1,
        null,
        1,
        1,
        null,
        null,
        1,
        1,
        null,
        null,
        1,
        null,
        1,
        1,
        1,
        1,
        1,
        null,
        1,
        1,
        1,
        1,
        1,
        1,
        1,
        1,
        1,
        1,
        null,
        1,
        1,
        1,
        null,
        1,
        1,
        1,
        1,
        1,
        1,
        1,
        null,
        null,
        1,
        1,
        1,
        1,
        1,
        null,
        null
      ],
      "/Users/litowhite/turing/mod2/projects/monster_shop_final/app/helpers/application_helper.rb": [
        1,
        null
      ],
      "/Users/litowhite/turing/mod2/projects/monster_shop_final/app/models/merchant.rb": [
        1,
        1,
        1,
        1,
        1,
        1,
        null,
        1,
        null,
        null,
        null,
        null,
        null,
        1,
        0,
        null,
        null,
        1,
        0,
        null,
        null,
        1,
        null,
        null,
        null,
        0,
        null,
        null,
        1,
        0,
        null,
        null,
        1,
        0,
        null,
        null
      ],
      "/Users/litowhite/turing/mod2/projects/monster_shop_final/app/models/application_record.rb": [
        1,
        1,
        null
      ],
      "/Users/litowhite/turing/mod2/projects/monster_shop_final/app/models/item.rb": [
        1,
        1,
        1,
        1,
        1,
        null,
        1,
        null,
        null,
        null,
        null,
        null,
        1,
        7,
        null,
        null,
        1,
        null,
        null,
        null,
        null,
        14,
        null,
        null,
        1,
        0,
        null,
        null,
        1,
        0,
        null,
        null
      ],
      "/Users/litowhite/turing/mod2/projects/monster_shop_final/app/models/discount.rb": [
        1,
        1,
        null,
        1,
        null
      ],
      "/Users/litowhite/turing/mod2/projects/monster_shop_final/app/controllers/items_controller.rb": [
        1,
        1,
        7,
        0,
        0,
        null,
        7,
        null,
        null,
        null,
        1,
        7,
        null,
        null
      ],
      "/Users/litowhite/turing/mod2/projects/monster_shop_final/app/controllers/application_controller.rb": [
        1,
        1,
        null,
        1,
        null,
        null,
        null,
        null,
        1,
        54,
        null,
        null,
        1,
        90,
        null,
        null,
        1,
        21,
        null,
        null,
        1,
        8,
        null,
        null,
        1,
        0,
        null,
        null,
        1,
        0,
        null,
        null,
        1,
        0,
        null,
        null,
        1,
        8,
        null,
        null,
        1,
        0,
        0,
        null,
        null,
        null
      ],
      "/Users/litowhite/turing/mod2/projects/monster_shop_final/app/models/review.rb": [
        1,
        1,
        null,
        1,
        1,
        null
      ],
      "/Users/litowhite/turing/mod2/projects/monster_shop_final/app/models/cart.rb": [
        1,
        1,
        null,
        1,
        22,
        22,
        null,
        null,
        1,
        7,
        null,
        null,
        1,
        0,
        null,
        null,
        1,
        15,
        null,
        null,
        1,
        2,
        6,
        null,
        null,
        null,
        1,
        1,
        1,
        null,
        null,
        null,
        3,
        null,
        1,
        null,
        null,
        1,
        13,
        null,
        null,
        1,
        null,
        6,
        null,
        null,
        1,
        10,
        null,
        null,
        1,
        12,
        12,
        36,
        36,
        36,
        24,
        null,
        36,
        24,
        null,
        12,
        12,
        null,
        null,
        12,
        null,
        null,
        1,
        8,
        8,
        8,
        4,
        null,
        4,
        4,
        null,
        null,
        null
      ],
      "/Users/litowhite/turing/mod2/projects/monster_shop_final/app/controllers/cart_controller.rb": [
        1,
        1,
        null,
        1,
        7,
        7,
        7,
        0,
        null,
        7,
        7,
        7,
        null,
        7,
        null,
        null,
        1,
        null,
        null,
        1,
        0,
        0,
        null,
        null,
        1,
        0,
        0,
        null,
        null,
        1,
        0,
        0,
        0,
        0,
        0,
        null,
        0,
        0,
        null,
        null,
        null,
        null,
        null
      ],
      "/Users/litowhite/turing/mod2/projects/monster_shop_final/app/models/order_item.rb": [
        1,
        1,
        1,
        null,
        1,
        0,
        null,
        null,
        1,
        0,
        0,
        null,
        null,
        1,
        0,
        null,
        null
      ]
    },
    "timestamp": 1596571023
  }
}
